
libtestbed.so:	file format wasm 0x1

Section Details:

Import[466]:
 - func[0] sig=3 <env._ZN3GUI6DialogC2ERKN6Common6StringE> <- env._ZN3GUI6DialogC2ERKN6Common6StringE
 - func[1] sig=0 <env._ZN6Common10BaseStringIcED2Ev> <- env._ZN6Common10BaseStringIcED2Ev
 - func[2] sig=0 <env._Znwm> <- env._Znwm
 - func[3] sig=8 <env._ZN6Common9U32StringC1EPKcNS_8CodePageE> <- env._ZN6Common9U32StringC1EPKcNS_8CodePageE
 - func[4] sig=15 <env._ZN3GUI16StaticTextWidgetC1EPNS_9GuiObjectERKN6Common6StringERKNS3_9U32StringES9_NS_11ThemeEngine9FontStyleENS3_8LanguageEb> <- env._ZN3GUI16StaticTextWidgetC1EPNS_9GuiObjectERKN6Common6StringERKNS3_9U32StringES9_NS_11ThemeEngine9FontStyleENS3_8LanguageEb
 - func[5] sig=0 <env._ZN6Common10BaseStringIDiED2Ev> <- env._ZN6Common10BaseStringIDiED2Ev
 - func[6] sig=3 <env._ZN6Common9U32StringaSEPKc> <- env._ZN6Common9U32StringaSEPKc
 - func[7] sig=4 <env._ZN6CommonplERKNS_6StringEPKc> <- env._ZN6CommonplERKNS_6StringEPKc
 - func[8] sig=4 <env._ZN6CommonplERKNS_9U32StringES2_> <- env._ZN6CommonplERKNS_9U32StringES2_
 - func[9] sig=2 <env._ZN3GUI10ListWidget13getThemeColorENS_11ThemeEngine9FontColorE> <- env._ZN3GUI10ListWidget13getThemeColorENS_11ThemeEngine9FontColorE
 - func[10] sig=8 <env._ZN6Common6StringC1ERKNS_9U32StringENS_8CodePageE> <- env._ZN6Common6StringC1ERKNS_9U32StringENS_8CodePageE
 - func[11] sig=8 <env._ZN6Common9U32StringC1ERKNS_6StringENS_8CodePageE> <- env._ZN6Common9U32StringC1ERKNS_6StringENS_8CodePageE
 - func[12] sig=2 <env._ZN3GUI10ListWidget7setListERKN6Common5ArrayINS1_9U32StringEEE> <- env._ZN3GUI10ListWidget7setListERKN6Common5ArrayINS1_9U32StringEEE
 - func[13] sig=15 <env._ZN3GUI12ButtonWidgetC1EPNS_9GuiObjectERKN6Common6StringERKNS3_9U32StringES9_jhS9_> <- env._ZN3GUI12ButtonWidgetC1EPNS_9GuiObjectERKN6Common6StringERKNS3_9U32StringES9_jhS9_
 - func[14] sig=0 <env._ZN3GUI9GuiObjectD2Ev> <- env._ZN3GUI9GuiObjectD2Ev
 - func[15] sig=1 <env._ZdlPv> <- env._ZdlPv
 - func[16] sig=2 <env._ZN7Testbed17TestbedListWidget14markAsSelectedEi> <- env._ZN7Testbed17TestbedListWidget14markAsSelectedEi
 - func[17] sig=2 <env._ZN7Testbed17TestbedListWidget16markAsDeselectedEi> <- env._ZN7Testbed17TestbedListWidget16markAsDeselectedEi
 - func[18] sig=12 <env._ZN6Engine8quitGameEv> <- env._ZN6Engine8quitGameEv
 - func[19] sig=2 <env._ZN3GUI12ButtonWidget8setLabelERKN6Common6StringE> <- env._ZN3GUI12ButtonWidget8setLabelERKN6Common6StringE
 - func[20] sig=7 <env._ZN3GUI6Dialog13handleCommandEPNS_13CommandSenderEjj> <- env._ZN3GUI6Dialog13handleCommandEPNS_13CommandSenderEjj
 - func[21] sig=20 <env._ZN3GUI16StaticTextWidgetC1EPNS_9GuiObjectEiiiiRKN6Common9U32StringEN8Graphics9TextAlignES6_NS_11ThemeEngine9FontStyleENS3_8LanguageEb> <- env._ZN3GUI16StaticTextWidgetC1EPNS_9GuiObjectEiiiiRKN6Common9U32StringEN8Graphics9TextAlignES6_NS_11ThemeEngine9FontStyleENS3_8LanguageEb
 - func[22] sig=21 <env._ZN3GUI12ButtonWidgetC1EPNS_9GuiObjectEiiiiRKN6Common9U32StringES6_jhS6_> <- env._ZN3GUI12ButtonWidgetC1EPNS_9GuiObjectEiiiiRKN6Common9U32StringES6_jhS6_
 - func[23] sig=15 <env._ZN3GUI10ListWidgetC1EPNS_6DialogEiiiiRKN6Common9U32StringEj> <- env._ZN3GUI10ListWidgetC1EPNS_6DialogEiiiiRKN6Common9U32StringEj
 - func[24] sig=7 <env._ZN6Common7INIFile6setKeyERKNS_6StringES3_S3_> <- env._ZN6Common7INIFile6setKeyERKNS_6StringES3_S3_
 - func[25] sig=3 <env._ZN6Common7INIFile12saveToStreamERNS_11WriteStreamE> <- env._ZN6Common7INIFile12saveToStreamERNS_11WriteStreamE
 - func[26] sig=8 <env._ZN6Common4PathC1ERKNS_6StringEc> <- env._ZN6Common4PathC1ERKNS_6StringEc
 - func[27] sig=3 <env._ZNK6Common13ConfigManager3getERKNS_6StringE> <- env._ZNK6Common13ConfigManager3getERKNS_6StringE
 - func[28] sig=3 <env._ZN6Common6FSNodeC1ERKNS_4PathE> <- env._ZN6Common6FSNodeC1ERKNS_4PathE
 - func[29] sig=4 <env._ZNK6Common6FSNode8getChildERKNS_6StringE> <- env._ZNK6Common6FSNode8getChildERKNS_6StringE
 - func[30] sig=0 <env._ZNK6Common6FSNode17createWriteStreamEv> <- env._ZNK6Common6FSNode17createWriteStreamEv
 - func[31] sig=3 <env._ZN6Common7INIFile14loadFromStreamERNS_18SeekableReadStreamE> <- env._ZN6Common7INIFile14loadFromStreamERNS_18SeekableReadStreamE
 - func[32] sig=3 <env._ZNK6Common6String16equalsIgnoreCaseEPKc> <- env._ZNK6Common6String16equalsIgnoreCaseEPKc
 - func[33] sig=8 <env._ZNK6Common7INIFile6hasKeyERKNS_6StringES3_> <- env._ZNK6Common7INIFile6hasKeyERKNS_6StringES3_
 - func[34] sig=9 <env._ZNK6Common7INIFile6getKeyERKNS_6StringES3_RS1_> <- env._ZNK6Common7INIFile6getKeyERKNS_6StringES3_RS1_
 - func[35] sig=3 <env._ZN6Common6StringpLEPKc> <- env._ZN6Common6StringpLEPKc
 - func[36] sig=5 <env._ZN6Engine10shouldQuitEv> <- env._ZN6Engine10shouldQuitEv
 - func[37] sig=0 <env._ZN3GUI6Dialog8runModalEv> <- env._ZN3GUI6Dialog8runModalEv
 - func[38] sig=1 <env._ZN6Common7INIFile5clearEv> <- env._ZN6Common7INIFile5clearEv
 - func[39] sig=3 <env._ZN6Common10BaseStringIcEC2EPKc> <- env._ZN6Common10BaseStringIcEC2EPKc
 - func[40] sig=13 <env._ZN3GUI10ListWidgetC2EPNS_6DialogERKN6Common6StringERKNS3_9U32StringEj> <- env._ZN3GUI10ListWidgetC2EPNS_6DialogERKN6Common6StringERKNS3_9U32StringEj
 - func[41] sig=0 <env._ZN3GUI10ListWidgetD2Ev> <- env._ZN3GUI10ListWidgetD2Ev
 - func[42] sig=0 <env._ZN3GUI14EditableWidgetD2Ev> <- env._ZN3GUI14EditableWidgetD2Ev
 - func[43] sig=1 <env.free> <- env.free
 - func[44] sig=7 <env.__assert_fail> <- env.__assert_fail
 - func[45] sig=4 <env._ZNK6Common9U32String6encodeENS_8CodePageE> <- env._ZNK6Common9U32String6encodeENS_8CodePageE
 - func[46] sig=3 <env._ZNK6Common6String8containsEPKc> <- env._ZNK6Common6String8containsEPKc
 - func[47] sig=3 <env._ZN6Common9U32StringaSERKNS_6StringE> <- env._ZN6Common9U32StringaSERKNS_6StringE
 - func[48] sig=3 <env._ZN6Common7INIFile7SectionC2ERKS1_> <- env._ZN6Common7INIFile7SectionC2ERKS1_
 - func[49] sig=3 <env._ZN6Common10BaseStringIcEC2ERKS1_> <- env._ZN6Common10BaseStringIcEC2ERKS1_
 - func[50] sig=1 <env._ZN6Common4ListINS_7INIFile7SectionEE5clearEv> <- env._ZN6Common4ListINS_7INIFile7SectionEE5clearEv
 - func[51] sig=0 <env.malloc> <- env.malloc
 - func[52] sig=2 <env._Z5errorPKcz> <- env._Z5errorPKcz
 - func[53] sig=9 <env._ZN6Common5ArrayIPN7Testbed9TestsuiteEE10insert_auxEPS3_PKS3_S7_> <- env._ZN6Common5ArrayIPN7Testbed9TestsuiteEE10insert_auxEPS3_PKS3_S7_
 - func[54] sig=9 <env._ZN6Common5ArrayINS_9U32StringEE10insert_auxEPS1_PKS1_S5_> <- env._ZN6Common5ArrayINS_9U32StringEE10insert_auxEPS1_PKS1_S5_
 - func[55] sig=3 <env._ZN6Common10BaseStringIDiEC2ERKS1_> <- env._ZN6Common10BaseStringIDiEC2ERKS1_
 - func[56] sig=3 <env._ZN6Common9U32StringaSERKS0_> <- env._ZN6Common9U32StringaSERKS0_
 - func[57] sig=9 <env._ZN6Common5ArrayIPN3GUI12ButtonWidgetEE10insert_auxEPS3_PKS3_S7_> <- env._ZN6Common5ArrayIPN3GUI12ButtonWidgetEE10insert_auxEPS3_PKS3_S7_
 - func[58] sig=0 <env._ZN6Common13SearchManagerC1Ev> <- env._ZN6Common13SearchManagerC1Ev
 - func[59] sig=0 <env._ZN6Common13ConfigManagerC1Ev> <- env._ZN6Common13ConfigManagerC1Ev
 - func[60] sig=3 <env._ZN6Common6StringaSEPKc> <- env._ZN6Common6StringaSEPKc
 - func[61] sig=3 <env._ZN6Common6StringaSERKS0_> <- env._ZN6Common6StringaSERKS0_
 - func[62] sig=3 <env._ZNK8Graphics11FontManager14getFontByUsageENS0_9FontUsageE> <- env._ZNK8Graphics11FontManager14getFontByUsageENS0_9FontUsageE
 - func[63] sig=4 <env._ZN8Graphics7Surface8fillRectEN6Common4RectEj> <- env._ZN8Graphics7Surface8fillRectEN6Common4RectEj
 - func[64] sig=11 <env._ZNK8Graphics4Font10drawStringEPNS_7SurfaceERKN6Common6StringEiiijNS_9TextAlignEib> <- env._ZNK8Graphics4Font10drawStringEPNS_7SurfaceERKN6Common6StringEiiijNS_9TextAlignEib
 - func[65] sig=3 <env._ZN8Graphics13CursorManager9showMouseEb> <- env._ZN8Graphics13CursorManager9showMouseEb
 - func[66] sig=3 <env._ZN6Common6StringpLEc> <- env._ZN6Common6StringpLEc
 - func[67] sig=0 <env._ZN8Graphics11FontManagerC1Ev> <- env._ZN8Graphics11FontManagerC1Ev
 - func[68] sig=8 <env._ZN6Common4PathC1EPKcc> <- env._ZN6Common4PathC1EPKcc
 - func[69] sig=2 <env._ZNK6Common11FSDirectory9getFSNodeEv> <- env._ZNK6Common11FSDirectory9getFSNodeEv
 - func[70] sig=2 <env._ZNK6Common6FSNode7getNameEv> <- env._ZNK6Common6FSNode7getNameEv
 - func[71] sig=3 <env._ZNK6Common10BaseStringIcE6equalsERKS1_> <- env._ZNK6Common10BaseStringIcE6equalsERKS1_
 - func[72] sig=17 <env._ZN6Common11FSDirectoryC1ERKNS_4PathEibbb> <- env._ZN6Common11FSDirectoryC1ERKNS_4PathEibbb
 - func[73] sig=0 <env._ZNK6Common6FSNode6existsEv> <- env._ZNK6Common6FSNode6existsEv
 - func[74] sig=0 <env._ZNK6Common6FSNode11isDirectoryEv> <- env._ZNK6Common6FSNode11isDirectoryEv
 - func[75] sig=13 <env._ZN6Common11FSDirectory15getSubDirectoryERKNS_4PathEibb> <- env._ZN6Common11FSDirectory15getSubDirectoryERKNS_4PathEibb
 - func[76] sig=1 <env._ZN6Common10BaseStringIcE11toLowercaseEv> <- env._ZN6Common10BaseStringIcE11toLowercaseEv
 - func[77] sig=1 <env._ZN6Common10BaseStringIcE11toUppercaseEv> <- env._ZN6Common10BaseStringIcE11toUppercaseEv
 - func[78] sig=0 <env._ZN6Common11FSDirectoryD1Ev> <- env._ZN6Common11FSDirectoryD1Ev
 - func[79] sig=2 <env._ZN6Common11WriteStream11writeStringERKNS_6StringE> <- env._ZN6Common11WriteStream11writeStringERKNS_6StringE
 - func[80] sig=0 <env._ZNK6Common6FSNode16createReadStreamEv> <- env._ZNK6Common6FSNode16createReadStreamEv
 - func[81] sig=3 <env._ZNK6Common10BaseStringIcE6equalsEPKc> <- env._ZNK6Common10BaseStringIcE6equalsEPKc
 - func[82] sig=0 <env._ZNK6Common6FSNode15createDirectoryEv> <- env._ZNK6Common6FSNode15createDirectoryEv
 - func[83] sig=7 <env._ZN8Graphics13CursorManager20replaceCursorPaletteEPKhjj> <- env._ZN8Graphics13CursorManager20replaceCursorPaletteEPKhjj
 - func[84] sig=22 <env._ZN8Graphics13CursorManager13replaceCursorEPKvjjiijbPKNS_11PixelFormatE> <- env._ZN8Graphics13CursorManager13replaceCursorEPKvjjiijbPKNS_11PixelFormatE
 - func[85] sig=2 <env._ZN8Graphics13CursorManager20disableCursorPaletteEb> <- env._ZN8Graphics13CursorManager20disableCursorPaletteEb
 - func[86] sig=1 <env._ZN7Testbed9Testsuite27getDisplayRegionCoordinatesEv> <- env._ZN7Testbed9Testsuite27getDisplayRegionCoordinatesEv
 - func[87] sig=0 <env._Znam> <- env._Znam
 - func[88] sig=1 <env._ZdaPv> <- env._ZdaPv
 - func[89] sig=4 <env._ZN6Common6String6formatEPKcz> <- env._ZN6Common6String6formatEPKcz
 - func[90] sig=3 <env._ZN6Common6StringaSEOS0_> <- env._ZN6Common6StringaSEOS0_
 - func[91] sig=2 <env._ZN6Common4sortINS_12ListInternal8IteratorIN8Graphics11PixelFormatEEEN7Testbed21PixelFormatComparatorEEEvT_S8_T0_> <- env._ZN6Common4sortINS_12ListInternal8IteratorIN8Graphics11PixelFormatEEEN7Testbed21PixelFormatComparatorEEEvT_S8_T0_
 - func[92] sig=2 <env._ZNK8Graphics11PixelFormat8toStringEv> <- env._ZNK8Graphics11PixelFormat8toStringEv
 - func[93] sig=9 <env._ZN8Graphics14ManagedSurfaceC1EiiRKNS_11PixelFormatE> <- env._ZN8Graphics14ManagedSurfaceC1EiiRKNS_11PixelFormatE
 - func[94] sig=2 <env._ZN8Graphics14ManagedSurface8blitFromERKNS_7SurfaceE> <- env._ZN8Graphics14ManagedSurface8blitFromERKNS_7SurfaceE
 - func[95] sig=2 <env._ZN8Graphics14ManagedSurface5clearEj> <- env._ZN8Graphics14ManagedSurface5clearEj
 - func[96] sig=4 <env._ZN8Graphics14ManagedSurface8blitFromERKS0_RKN6Common5PointE> <- env._ZN8Graphics14ManagedSurface8blitFromERKS0_RKN6Common5PointE
 - func[97] sig=0 <env._ZN8Graphics14ManagedSurfaceD1Ev> <- env._ZN8Graphics14ManagedSurfaceD1Ev
 - func[98] sig=16 <env._ZN8Graphics7Surface5hLineEiiij> <- env._ZN8Graphics7Surface5hLineEiiij
 - func[99] sig=4 <env._ZN8Graphics7Surface9frameRectERKN6Common4RectEj> <- env._ZN8Graphics7Surface9frameRectERKN6Common4RectEj
 - func[100] sig=10 <env._ZN8Graphics7Surface8drawLineEiiiij> <- env._ZN8Graphics7Surface8drawLineEiiiij
 - func[101] sig=9 <env._ZN6Common13sortPartitionINS_12ListInternal8IteratorIN8Graphics11PixelFormatEEEN7Testbed21PixelFormatComparatorEEET_S8_S8_S8_RT0_> <- env._ZN6Common13sortPartitionINS_12ListInternal8IteratorIN8Graphics11PixelFormatEEEN7Testbed21PixelFormatComparatorEEET_S8_S8_S8_RT0_
 - func[102] sig=8 <env._ZN7Testbed21PixelFormatComparatorclERKN8Graphics11PixelFormatES4_> <- env._ZN7Testbed21PixelFormatComparatorclERKN8Graphics11PixelFormatES4_
 - func[103] sig=3 <env._ZNK6Common10BaseStringIcEltERKS1_> <- env._ZNK6Common10BaseStringIcEltERKS1_
 - func[104] sig=3 <env._ZN6Common5ErrorC1ENS_9ErrorCodeE> <- env._ZN6Common5ErrorC1ENS_9ErrorCodeE
 - func[105] sig=3 <env._ZN6Common10MemoryPoolC2Em> <- env._ZN6Common10MemoryPoolC2Em
 - func[106] sig=2 <env._ZN6Common10MemoryPool13addPageToPoolERKNS0_4PageE> <- env._ZN6Common10MemoryPool13addPageToPoolERKNS0_4PageE
 - func[107] sig=0 <env._ZN10MidiDriver12detectDeviceEi> <- env._ZN10MidiDriver12detectDeviceEi
 - func[108] sig=0 <env._ZN10MidiDriver10createMidiEj> <- env._ZN10MidiDriver10createMidiEj
 - func[109] sig=0 <env._ZN10MidiParser16createParser_SMFEa> <- env._ZN10MidiParser16createParser_SMFEa
 - func[110] sig=0 <env._ZN10MidiDriver12getErrorNameEi> <- env._ZN10MidiDriver12getErrorNameEi
 - func[111] sig=3 <env._ZN10MidiParser8setTrackEi> <- env._ZN10MidiParser8setTrackEi
 - func[112] sig=1 <env._ZN10MidiParser7onTimerEv> <- env._ZN10MidiParser7onTimerEv
 - func[113] sig=0 <env._ZN6Common5Mutex4lockEv> <- env._ZN6Common5Mutex4lockEv
 - func[114] sig=0 <env._ZN6Common5Mutex6unlockEv> <- env._ZN6Common5Mutex6unlockEv
 - func[115] sig=4 <env._ZN6CommonplEPKcRKNS_6StringE> <- env._ZN6CommonplEPKcRKNS_6StringE
 - func[116] sig=0 <env._ZN6Common5MutexC1Ev> <- env._ZN6Common5MutexC1Ev
 - func[117] sig=0 <env._ZN6Common5MutexD1Ev> <- env._ZN6Common5MutexD1Ev
 - func[118] sig=3 <env._ZN5Audio9PCSpeakerC1Ei> <- env._ZN5Audio9PCSpeakerC1Ei
 - func[119] sig=7 <env._ZN5Audio9PCSpeaker4playENS0_8WaveFormEii> <- env._ZN5Audio9PCSpeaker4playENS0_8WaveFormEii
 - func[120] sig=0 <env._ZN6Common4FileC1Ev> <- env._ZN6Common4FileC1Ev
 - func[121] sig=3 <env._ZN6Common4File4openERKNS_4PathE> <- env._ZN6Common4File4openERKNS_4PathE
 - func[122] sig=0 <env._ZNK6Common4File6isOpenEv> <- env._ZNK6Common4File6isOpenEv
 - func[123] sig=13 <env._ZN5Audio18makeModXmS3mStreamEPN6Common18SeekableReadStreamEN15DisposeAfterUse4FlagEiii> <- env._ZN5Audio18makeModXmS3mStreamEPN6Common18SeekableReadStreamEN15DisposeAfterUse4FlagEiii
 - func[124] sig=1 <env._ZN6Common4File5closeEv> <- env._ZN6Common4File5closeEv
 - func[125] sig=0 <env._ZN6Common4FileD1Ev> <- env._ZN6Common4FileD1Ev
 - func[126] sig=13 <env._ZN3GUI6DialogC2Eiiii> <- env._ZN3GUI6DialogC2Eiiii
 - func[127] sig=6 <env._ZN6Common9SearchSet25addSubDirectoriesMatchingERKNS_6FSNodeENS_6StringEbiib> <- env._ZN6Common9SearchSet25addSubDirectoriesMatchingERKNS_6FSNodeENS_6StringEbiib
 - func[128] sig=3 <env._ZN6Common9U32StringaSEOS0_> <- env._ZN6Common9U32StringaSEOS0_
 - func[129] sig=4 <env._ZN6Common9U32String6formatEPKcz> <- env._ZN6Common9U32String6formatEPKcz
 - func[130] sig=3 <env._ZN6EngineC2EP7OSystem> <- env._ZN6EngineC2EP7OSystem
 - func[131] sig=10 <env._ZN6Common9SearchSet12addDirectoryERKNS_6StringERKNS_6FSNodeEiib> <- env._ZN6Common9SearchSet12addDirectoryERKNS_6StringERKNS_6FSNodeEiib
 - func[132] sig=2 <env._ZNK6Common6FSNode14getDisplayNameEv> <- env._ZNK6Common6FSNode14getDisplayNameEv
 - func[133] sig=3 <env._ZN6Common12DebugManager18enableDebugChannelERKNS_6StringE> <- env._ZN6Common12DebugManager18enableDebugChannelERKNS_6StringE
 - func[134] sig=0 <env._ZN6EngineD2Ev> <- env._ZN6EngineD2Ev
 - func[135] sig=3 <env._ZN6Common19AchievementsManager14setAchievementERKNS_6StringE> <- env._ZN6Common19AchievementsManager14setAchievementERKNS_6StringE
 - func[136] sig=3 <env._ZNK6Common19AchievementsManager10isAchievedERKNS_6StringE> <- env._ZNK6Common19AchievementsManager10isAchievedERKNS_6StringE
 - func[137] sig=3 <env._ZNK6Common13ConfigManager6hasKeyERKNS_6StringE> <- env._ZNK6Common13ConfigManager6hasKeyERKNS_6StringE
 - func[138] sig=2 <env._Z12initGraphicsii> <- env._Z12initGraphicsii
 - func[139] sig=3 <env._ZN6Common19AchievementsManager15setActiveDomainERKNS_16AchievementsInfoE> <- env._ZN6Common19AchievementsManager15setActiveDomainERKNS_16AchievementsInfoE
 - func[140] sig=0 <env._ZN6Common7INIFileC1Ev> <- env._ZN6Common7INIFileC1Ev
 - func[141] sig=0 <env._ZN6Common12DebugManagerC1Ev> <- env._ZN6Common12DebugManagerC1Ev
 - func[142] sig=0 <env._ZN6Common19AchievementsManagerC1Ev> <- env._ZN6Common19AchievementsManagerC1Ev
 - func[143] sig=9 <env.vsnprintf> <- env.vsnprintf
 - func[144] sig=4 <env._Z7debugCNjPKcz> <- env._Z7debugCNjPKcz
 - func[145] sig=7 <env._Z7debugCNijPKcz> <- env._Z7debugCNijPKcz
 - func[146] sig=17 <env._ZN3GUI13MessageDialogC1ERKN6Common6StringES4_S4_N8Graphics9TextAlignEPKc> <- env._ZN3GUI13MessageDialogC1ERKN6Common6StringES4_S4_N8Graphics9TextAlignEPKc
 - func[147] sig=3 <env._ZNK6Common6String16equalsIgnoreCaseERKS0_> <- env._ZNK6Common6String16equalsIgnoreCaseERKS0_
 - func[148] sig=8 <env._ZN6Common19AchievementsManager10setStatIntERKNS_6StringEi> <- env._ZN6Common19AchievementsManager10setStatIntERKNS_6StringEi
 - func[149] sig=3 <env._ZNK6Common19AchievementsManager10getStatIntERKNS_6StringE> <- env._ZNK6Common19AchievementsManager10getStatIntERKNS_6StringE
 - func[150] sig=9 <env._ZN6Common5ArrayIPN7Testbed4TestEE10insert_auxEPS3_PKS3_S7_> <- env._ZN6Common5ArrayIPN7Testbed4TestEE10insert_auxEPS3_PKS3_S7_
 - func[151] sig=4 <env._Z12initGraphicsiiPKN8Graphics11PixelFormatE> <- env._Z12initGraphicsiiPKN8Graphics11PixelFormatE
 - func[152] sig=0 <env._ZN5Video16QuickTimeDecoderC1Ev> <- env._ZN5Video16QuickTimeDecoderC1Ev
 - func[153] sig=2 <env._Z7warningPKcz> <- env._Z7warningPKcz
 - func[154] sig=1 <env._ZN5Video12VideoDecoder5startEv> <- env._ZN5Video12VideoDecoder5startEv
 - func[155] sig=0 <env._ZNK5Video12VideoDecoder10endOfVideoEv> <- env._ZNK5Video12VideoDecoder10endOfVideoEv
 - func[156] sig=0 <env._ZNK5Video12VideoDecoder11needsUpdateEv> <- env._ZNK5Video12VideoDecoder11needsUpdateEv
 - func[157] sig=0 <env._ZNK5Video12VideoDecoder7getTimeEv> <- env._ZNK5Video12VideoDecoder7getTimeEv
 - func[158] sig=14 <env._ZNK8Graphics7Surface9convertToERKNS_11PixelFormatEPKhiS5_iNS_12DitherMethodE> <- env._ZNK8Graphics7Surface9convertToERKNS_11PixelFormatEPKhiS5_iNS_12DitherMethodE
 - func[159] sig=1 <env._ZN8Graphics7Surface4freeEv> <- env._ZN8Graphics7Surface4freeEv
 - func[160] sig=8 <env.memcpy> <- env.memcpy
 - func[161] sig=8 <env.memset> <- env.memset
 - func[162] sig=8 <env.memmove> <- env.memmove
 - func[163] sig=18 <env.cos> <- env.cos
 - func[164] sig=18 <env.sin> <- env.sin
 - func[165] sig=1 <env.setTempRet0> <- env.setTempRet0
 - global[0] i32 mutable=0 <- env.__memory_base
 - global[1] i32 mutable=1 <- env.__stack_pointer
 - global[2] i32 mutable=1 <- GOT.mem.g_system
 - global[3] i32 mutable=1 <- GOT.mem._ZN6Common9SingletonIN7Testbed12ConfigParamsEE10_singletonE
 - global[4] i32 mutable=1 <- GOT.mem._ZN6Common9SingletonIN8Graphics13CursorManagerEE10_singletonE
 - global[5] i32 mutable=1 <- GOT.mem._ZN7Testbed10keyCodeLUTE
 - global[6] i32 mutable=1 <- GOT.mem._ZTVN8Graphics13CursorManagerE
 - global[7] i32 mutable=1 <- GOT.mem._ZN6Common9SingletonINS_13SearchManagerEE10_singletonE
 - global[8] i32 mutable=1 <- GOT.mem._ZN6Common9SingletonINS_13ConfigManagerEE10_singletonE
 - global[9] i32 mutable=1 <- GOT.mem._ZN7Testbed12GFXTestSuite8_paletteE
 - global[10] i32 mutable=1 <- GOT.mem._ZTVN6Common6FSNodeE
 - global[11] i32 mutable=1 <- GOT.mem._ZN6Common9SingletonINS_19AchievementsManagerEE10_singletonE
 - global[12] i32 mutable=1 <- GOT.mem._ZN6Common9SingletonIN8Graphics11FontManagerEE10_singletonE
 - global[13] i32 mutable=1 <- GOT.mem._ZTVN7Testbed9TestsuiteE
 - global[14] i32 mutable=1 <- GOT.mem._ZTVN7Testbed17TestbedListWidgetE
 - global[15] i32 mutable=1 <- GOT.mem._ZTVN6Common24MemoryWriteStreamDynamicE
 - global[16] i32 mutable=1 <- GOT.mem._ZTVN7Testbed24TestbedInteractionDialogE
 - global[17] i32 mutable=1 <- GOT.mem._ZN7Testbed5musicE
 - global[18] i32 mutable=1 <- GOT.mem._ZTVN7Testbed12ConfigParamsE
 - global[19] i32 mutable=1 <- GOT.mem._ZN6Common9SingletonINS_12DebugManagerEE10_singletonE
 - global[20] i32 mutable=1 <- GOT.mem._ZTVN7Testbed13TestbedEngineE
 - global[21] i32 mutable=1 <- GOT.func._ZN7Testbed9MiscTests13timerCallbackEPv
 - global[22] i32 mutable=1 <- GOT.func._ZN7Testbed9MiscTests15criticalSectionEPv
 - global[23] i32 mutable=1 <- GOT.mem._ZTVN7Testbed20TestbedOptionsDialogE
 - global[24] i32 mutable=1 <- GOT.mem._ZTSN7Testbed9TestsuiteE
 - global[25] i32 mutable=1 <- GOT.func.__cxa_pure_virtual
 - global[26] i32 mutable=1 <- GOT.func._ZN7Testbed9TestsuiteD0Ev
 - global[27] i32 mutable=1 <- GOT.func._ZN7Testbed9TestsuiteD1Ev
 - global[28] i32 mutable=1 <- GOT.func._ZN7Testbed24TestbedInteractionDialog13handleCommandEPN3GUI13CommandSenderEjj
 - global[29] i32 mutable=1 <- GOT.func._ZN7Testbed24TestbedInteractionDialogD0Ev
 - global[30] i32 mutable=1 <- GOT.mem._ZTI6Engine
 - global[31] i32 mutable=1 <- GOT.mem._ZTSN7Testbed13TestbedEngineE
 - global[32] i32 mutable=1 <- GOT.mem._ZTSN7Testbed17TestbedExitDialogE
 - global[33] i32 mutable=1 <- GOT.mem._ZTSN7Testbed24TestbedInteractionDialogE
 - global[34] i32 mutable=1 <- GOT.func._ZN7Testbed17TestbedExitDialog13handleCommandEPN3GUI13CommandSenderEjj
 - global[35] i32 mutable=1 <- GOT.func._ZN7Testbed17TestbedExitDialogD0Ev
 - global[36] i32 mutable=1 <- GOT.mem._ZTIN7Testbed17TestbedExitDialogE
 - global[37] i32 mutable=1 <- GOT.func._ZNK6Engine15getAutosaveSlotEv
 - global[38] i32 mutable=1 <- GOT.func._ZN6Engine24canSaveAutosaveCurrentlyEv
 - global[39] i32 mutable=1 <- GOT.func._ZN6Engine17pauseEngineInternEb
 - global[40] i32 mutable=1 <- GOT.func._ZN6Engine25canSaveGameStateCurrentlyEv
 - global[41] i32 mutable=1 <- GOT.func._ZN6Engine14saveGameStreamEPN6Common11WriteStreamEb
 - global[42] i32 mutable=1 <- GOT.func._ZN6Engine13saveGameStateEiRKN6Common6StringEb
 - global[43] i32 mutable=1 <- GOT.func._ZN6Engine25canLoadGameStateCurrentlyEv
 - global[44] i32 mutable=1 <- GOT.func._ZN6Engine14loadGameStreamEPN6Common18SeekableReadStreamE
 - global[45] i32 mutable=1 <- GOT.func._ZN6Engine13loadGameStateEi
 - global[46] i32 mutable=1 <- GOT.func._ZNK6Engine16getSaveStateNameEi
 - global[47] i32 mutable=1 <- GOT.func._ZN6Engine8flipMuteEv
 - global[48] i32 mutable=1 <- GOT.func._ZN6Engine17applyGameSettingsEv
 - global[49] i32 mutable=1 <- GOT.func._ZN6Engine17syncSoundSettingsEv
 - global[50] i32 mutable=1 <- GOT.func._ZNK7Testbed13TestbedEngine10hasFeatureEN6Engine13EngineFeatureE
 - global[51] i32 mutable=1 <- GOT.func._ZN6Engine11getDebuggerEv
 - global[52] i32 mutable=1 <- GOT.func._ZN6Engine11errorStringEPKcPci
 - global[53] i32 mutable=1 <- GOT.func._ZN7Testbed13TestbedEngine3runEv
 - global[54] i32 mutable=1 <- GOT.func._ZN6Engine14initializePathERKN6Common6FSNodeE
 - global[55] i32 mutable=1 <- GOT.func._ZN7Testbed13TestbedEngineD0Ev
 - global[56] i32 mutable=1 <- GOT.func._ZN7Testbed13TestbedEngineD1Ev
 - global[57] i32 mutable=1 <- GOT.func._ZN6Engine9runDialogERN3GUI6DialogE
 - global[58] i32 mutable=1 <- GOT.mem._ZTIN7Testbed13TestbedEngineE
 - global[59] i32 mutable=1 <- GOT.mem._ZTSN7Testbed23SoundSubsystemTestSuiteE
 - global[60] i32 mutable=1 <- GOT.mem._ZTIN7Testbed24TestbedInteractionDialogE
 - global[61] i32 mutable=1 <- GOT.mem._ZTSN7Testbed20SoundSubsystemDialogE
 - global[62] i32 mutable=1 <- GOT.func._ZNK7Testbed23SoundSubsystemTestSuite14getDescriptionEv
 - global[63] i32 mutable=1 <- GOT.func._ZNK7Testbed23SoundSubsystemTestSuite7getNameEv
 - global[64] i32 mutable=1 <- GOT.func._ZN7Testbed23SoundSubsystemTestSuiteD0Ev
 - global[65] i32 mutable=1 <- GOT.mem._ZTIN7Testbed23SoundSubsystemTestSuiteE
 - global[66] i32 mutable=1 <- GOT.func._ZN7Testbed20SoundSubsystemDialog13handleCommandEPN3GUI13CommandSenderEjj
 - global[67] i32 mutable=1 <- GOT.func._ZN7Testbed20SoundSubsystemDialogD0Ev
 - global[68] i32 mutable=1 <- GOT.func._ZN7Testbed24TestbedInteractionDialogD2Ev
 - global[69] i32 mutable=1 <- GOT.mem._ZTIN7Testbed20SoundSubsystemDialogE
 - global[70] i32 mutable=1 <- GOT.mem._ZTSN7Testbed17SaveGameTestSuiteE
 - global[71] i32 mutable=1 <- GOT.func._ZNK7Testbed17SaveGameTestSuite14getDescriptionEv
 - global[72] i32 mutable=1 <- GOT.func._ZNK7Testbed17SaveGameTestSuite7getNameEv
 - global[73] i32 mutable=1 <- GOT.func._ZN7Testbed17SaveGameTestSuiteD0Ev
 - global[74] i32 mutable=1 <- GOT.mem._ZTIN7Testbed17SaveGameTestSuiteE
 - global[75] i32 mutable=1 <- GOT.mem._ZTSN7Testbed19NetworkingTestSuiteE
 - global[76] i32 mutable=1 <- GOT.func._ZNK7Testbed19NetworkingTestSuite14getDescriptionEv
 - global[77] i32 mutable=1 <- GOT.func._ZNK7Testbed19NetworkingTestSuite7getNameEv
 - global[78] i32 mutable=1 <- GOT.func._ZN7Testbed19NetworkingTestSuiteD0Ev
 - global[79] i32 mutable=1 <- GOT.mem._ZTIN7Testbed19NetworkingTestSuiteE
 - global[80] i32 mutable=1 <- GOT.mem._ZTSN7Testbed13MiscTestSuiteE
 - global[81] i32 mutable=1 <- GOT.func._ZNK7Testbed13MiscTestSuite14getDescriptionEv
 - global[82] i32 mutable=1 <- GOT.func._ZNK7Testbed13MiscTestSuite7getNameEv
 - global[83] i32 mutable=1 <- GOT.func._ZN7Testbed13MiscTestSuiteD0Ev
 - global[84] i32 mutable=1 <- GOT.mem._ZTIN7Testbed13MiscTestSuiteE
 - global[85] i32 mutable=1 <- GOT.mem._ZTIN6Common19SeekableWriteStreamE
 - global[86] i32 mutable=1 <- GOT.mem._ZTSN6Common24MemoryWriteStreamDynamicE
 - global[87] i32 mutable=1 <- GOT.mem._ZTIN6Common11WriteStreamE
 - global[88] i32 mutable=1 <- GOT.mem._ZTSN6Common19SeekableWriteStreamE
 - global[89] i32 mutable=1 <- GOT.mem._ZTIN6Common6StreamE
 - global[90] i32 mutable=1 <- GOT.mem._ZTSN6Common11WriteStreamE
 - global[91] i32 mutable=1 <- GOT.mem._ZTSN6Common6StreamE
 - global[92] i32 mutable=1 <- GOT.func._ZNK6Common24MemoryWriteStreamDynamic4sizeEv
 - global[93] i32 mutable=1 <- GOT.func._ZN6Common24MemoryWriteStreamDynamic4seekExi
 - global[94] i32 mutable=1 <- GOT.func._ZNK6Common24MemoryWriteStreamDynamic3posEv
 - global[95] i32 mutable=1 <- GOT.func._ZN6Common11WriteStream8finalizeEv
 - global[96] i32 mutable=1 <- GOT.func._ZN6Common11WriteStream5flushEv
 - global[97] i32 mutable=1 <- GOT.func._ZN6Common24MemoryWriteStreamDynamic5writeEPKvj
 - global[98] i32 mutable=1 <- GOT.func._ZN6Common6Stream8clearErrEv
 - global[99] i32 mutable=1 <- GOT.func._ZNK6Common6Stream3errEv
 - global[100] i32 mutable=1 <- GOT.func._ZN6Common24MemoryWriteStreamDynamicD0Ev
 - global[101] i32 mutable=1 <- GOT.func._ZN6Common24MemoryWriteStreamDynamicD1Ev
 - global[102] i32 mutable=1 <- GOT.mem._ZTIN6Common24MemoryWriteStreamDynamicE
 - global[103] i32 mutable=1 <- GOT.mem._ZTSN7Testbed13MidiTestSuiteE
 - global[104] i32 mutable=1 <- GOT.func._ZNK7Testbed13MidiTestSuite14getDescriptionEv
 - global[105] i32 mutable=1 <- GOT.func._ZNK7Testbed13MidiTestSuite7getNameEv
 - global[106] i32 mutable=1 <- GOT.func._ZN7Testbed13MidiTestSuite6enableEb
 - global[107] i32 mutable=1 <- GOT.func._ZN7Testbed13MidiTestSuiteD0Ev
 - global[108] i32 mutable=1 <- GOT.mem._ZTIN7Testbed13MidiTestSuiteE
 - global[109] i32 mutable=1 <- GOT.mem._ZTI18AdvancedMetaEngine
 - global[110] i32 mutable=1 <- GOT.mem._ZTS17TestbedMetaEngine
 - global[111] i32 mutable=1 <- GOT.func._ZNK18AdvancedMetaEngine26getAdvancedExtraGuiOptionsEv
 - global[112] i32 mutable=1 <- GOT.func._ZNK18AdvancedMetaEngine20fallbackDetectExternEjRKN6Common7HashMapINS0_6StringENS0_6FSNodeENS0_15IgnoreCase_HashENS0_18IgnoreCase_EqualToEEERKNS0_6FSListEPP23ADDetectedGameExtraInfo
 - global[113] i32 mutable=1 <- GOT.func._ZNK17TestbedMetaEngine14createInstanceEP7OSystemPP6EnginePK17ADGameDescription
 - global[114] i32 mutable=1 <- GOT.func._ZNK17TestbedMetaEngine10hasFeatureEN10MetaEngine17MetaEngineFeatureE
 - global[115] i32 mutable=1 <- GOT.func._ZNK10MetaEngine29getAchievementDescriptionListEv
 - global[116] i32 mutable=1 <- GOT.func._ZNK17TestbedMetaEngine19getAchievementsInfoERKN6Common6StringE
 - global[117] i32 mutable=1 <- GOT.func._ZNK10MetaEngine24buildEngineOptionsWidgetEPN3GUI9GuiObjectERKN6Common6StringES6_
 - global[118] i32 mutable=1 <- GOT.func._ZNK10MetaEngine23registerDefaultSettingsERKN6Common6StringE
 - global[119] i32 mutable=1 <- GOT.func._ZNK10MetaEngine11initKeymapsEPKc
 - global[120] i32 mutable=1 <- GOT.func._ZNK10MetaEngine15getSavegameFileEiPKc
 - global[121] i32 mutable=1 <- GOT.func._ZNK10MetaEngine18querySaveMetaInfosEPKci
 - global[122] i32 mutable=1 <- GOT.func._ZNK10MetaEngine15removeSaveStateEPKci
 - global[123] i32 mutable=1 <- GOT.func._ZNK10MetaEngine18getMaximumSaveSlotEv
 - global[124] i32 mutable=1 <- GOT.func._ZNK10MetaEngine15getAutosaveSlotEv
 - global[125] i32 mutable=1 <- GOT.func._ZNK10MetaEngine9listSavesEPKc
 - global[126] i32 mutable=1 <- GOT.func._ZN18AdvancedMetaEngine14createInstanceEP7OSystemPP6Engine
 - global[127] i32 mutable=1 <- GOT.func._ZNK18AdvancedMetaEngine18getExtraGuiOptionsERKN6Common6StringE
 - global[128] i32 mutable=1 <- GOT.func._ZN10MetaEngine20getSavegameThumbnailERN8Graphics7SurfaceE
 - global[129] i32 mutable=1 <- GOT.func._ZNK17TestbedMetaEngine7getNameEv
 - global[130] i32 mutable=1 <- GOT.func._ZN17TestbedMetaEngineD0Ev
 - global[131] i32 mutable=1 <- GOT.func._ZN12PluginObjectD2Ev
 - global[132] i32 mutable=1 <- GOT.mem._ZTI17TestbedMetaEngine
 - global[133] i32 mutable=1 <- GOT.mem._ZTSN7Testbed12GFXTestSuiteE
 - global[134] i32 mutable=1 <- GOT.func._ZNK7Testbed12GFXTestSuite14getDescriptionEv
 - global[135] i32 mutable=1 <- GOT.func._ZNK7Testbed12GFXTestSuite7getNameEv
 - global[136] i32 mutable=1 <- GOT.func._ZN7Testbed12GFXTestSuite7prepareEv
 - global[137] i32 mutable=1 <- GOT.func._ZN7Testbed12GFXTestSuiteD0Ev
 - global[138] i32 mutable=1 <- GOT.mem._ZTIN7Testbed12GFXTestSuiteE
 - global[139] i32 mutable=1 <- GOT.mem._ZTSN7Testbed11FSTestSuiteE
 - global[140] i32 mutable=1 <- GOT.func._ZNK7Testbed11FSTestSuite14getDescriptionEv
 - global[141] i32 mutable=1 <- GOT.func._ZNK7Testbed11FSTestSuite7getNameEv
 - global[142] i32 mutable=1 <- GOT.func._ZN7Testbed11FSTestSuite6enableEb
 - global[143] i32 mutable=1 <- GOT.func._ZN7Testbed11FSTestSuiteD0Ev
 - global[144] i32 mutable=1 <- GOT.mem._ZTIN7Testbed11FSTestSuiteE
 - global[145] i32 mutable=1 <- GOT.mem._ZTIN7Testbed9TestsuiteE
 - global[146] i32 mutable=1 <- GOT.mem._ZTSN7Testbed14EventTestSuiteE
 - global[147] i32 mutable=1 <- GOT.func._ZNK7Testbed14EventTestSuite14getDescriptionEv
 - global[148] i32 mutable=1 <- GOT.func._ZNK7Testbed14EventTestSuite7getNameEv
 - global[149] i32 mutable=1 <- GOT.func._ZN7Testbed9Testsuite7executeEv
 - global[150] i32 mutable=1 <- GOT.func._ZN7Testbed9Testsuite7prepareEv
 - global[151] i32 mutable=1 <- GOT.func._ZN7Testbed9Testsuite6enableEb
 - global[152] i32 mutable=1 <- GOT.func._ZN7Testbed14EventTestSuiteD0Ev
 - global[153] i32 mutable=1 <- GOT.func._ZN7Testbed9TestsuiteD2Ev
 - global[154] i32 mutable=1 <- GOT.mem._ZTIN7Testbed14EventTestSuiteE
 - global[155] i32 mutable=1 <- GOT.mem._ZTIN6Common9SingletonIN7Testbed12ConfigParamsEEE
 - global[156] i32 mutable=1 <- GOT.mem._ZTSN7Testbed12ConfigParamsE
 - global[157] i32 mutable=1 <- GOT.mem._ZTIN6Common11NonCopyableE
 - global[158] i32 mutable=1 <- GOT.mem._ZTSN6Common9SingletonIN7Testbed12ConfigParamsEEE
 - global[159] i32 mutable=1 <- GOT.mem._ZTVN10__cxxabiv121__vmi_class_type_infoE
 - global[160] i32 mutable=1 <- GOT.mem._ZTSN6Common11NonCopyableE
 - global[161] i32 mutable=1 <- GOT.mem._ZTVN10__cxxabiv117__class_type_infoE
 - global[162] i32 mutable=1 <- GOT.func._ZN7Testbed12ConfigParamsD0Ev
 - global[163] i32 mutable=1 <- GOT.func._ZN7Testbed12ConfigParamsD2Ev
 - global[164] i32 mutable=1 <- GOT.mem._ZTIN7Testbed12ConfigParamsE
 - global[165] i32 mutable=1 <- GOT.mem._ZTIN3GUI10ListWidgetE
 - global[166] i32 mutable=1 <- GOT.mem._ZTSN7Testbed17TestbedListWidgetE
 - global[167] i32 mutable=1 <- GOT.func._ZN3GUI13CommandSender11sendCommandEjj
 - global[168] i32 mutable=1 <- GOT.func._ZThn212_N7Testbed17TestbedListWidgetD0Ev
 - global[169] i32 mutable=1 <- GOT.func._ZThn212_N7Testbed17TestbedListWidgetD1Ev
 - global[170] i32 mutable=1 <- GOT.func._ZNK3GUI14EditableWidget13isCharAllowedEDi
 - global[171] i32 mutable=1 <- GOT.func._ZNK3GUI10ListWidget14getCaretOffsetEv
 - global[172] i32 mutable=1 <- GOT.func._ZNK3GUI10ListWidget11getEditRectEv
 - global[173] i32 mutable=1 <- GOT.func._ZN3GUI10ListWidget13abortEditModeEv
 - global[174] i32 mutable=1 <- GOT.func._ZN3GUI10ListWidget11endEditModeEv
 - global[175] i32 mutable=1 <- GOT.func._ZN3GUI10ListWidget13startEditModeEv
 - global[176] i32 mutable=1 <- GOT.func._ZNK3GUI14EditableWidget13getEditStringEv
 - global[177] i32 mutable=1 <- GOT.func._ZN3GUI14EditableWidget13setEditStringERKN6Common9U32StringE
 - global[178] i32 mutable=1 <- GOT.func._ZN3GUI10ListWidget10findWidgetEii
 - global[179] i32 mutable=1 <- GOT.func._ZN3GUI10ListWidget15lostFocusWidgetEv
 - global[180] i32 mutable=1 <- GOT.func._ZN3GUI10ListWidget19receivedFocusWidgetEv
 - global[181] i32 mutable=1 <- GOT.func._ZN3GUI10ListWidget10drawWidgetEv
 - global[182] i32 mutable=1 <- GOT.func._ZNK3GUI10ListWidget14containsWidgetEPNS_6WidgetE
 - global[183] i32 mutable=1 <- GOT.func._ZN3GUI10ListWidget10wantsFocusEv
 - global[184] i32 mutable=1 <- GOT.func._ZN3GUI6Widget4drawEv
 - global[185] i32 mutable=1 <- GOT.func._ZN3GUI6Widget11markAsDirtyEv
 - global[186] i32 mutable=1 <- GOT.func._ZN3GUI10ListWidget12handleTickleEv
 - global[187] i32 mutable=1 <- GOT.func._ZN3GUI10ListWidget11handleKeyUpEN6Common8KeyStateE
 - global[188] i32 mutable=1 <- GOT.func._ZN3GUI10ListWidget13handleKeyDownEN6Common8KeyStateE
 - global[189] i32 mutable=1 <- GOT.func._ZN3GUI10ListWidget16handleMouseMovedEiii
 - global[190] i32 mutable=1 <- GOT.func._ZN3GUI10ListWidget15handleMouseLeftEi
 - global[191] i32 mutable=1 <- GOT.func._ZN3GUI6Widget18handleMouseEnteredEi
 - global[192] i32 mutable=1 <- GOT.func._ZN3GUI10ListWidget13handleMouseUpEiiii
 - global[193] i32 mutable=1 <- GOT.func._ZN3GUI10ListWidget15handleMouseDownEiiii
 - global[194] i32 mutable=1 <- GOT.func._ZN3GUI6Widget10getMinSizeERiS1_
 - global[195] i32 mutable=1 <- GOT.func._ZN3GUI6Widget7setSizeEii
 - global[196] i32 mutable=1 <- GOT.func._ZN3GUI6Widget6setPosEii
 - global[197] i32 mutable=1 <- GOT.func._ZN3GUI6Widget12releaseFocusEv
 - global[198] i32 mutable=1 <- GOT.func._ZN3GUI10ListWidget16handleMouseWheelEiii
 - global[199] i32 mutable=1 <- GOT.func._ZN3GUI9GuiObject12removeWidgetEPNS_6WidgetE
 - global[200] i32 mutable=1 <- GOT.func._ZN3GUI10ListWidget12reflowLayoutEv
 - global[201] i32 mutable=1 <- GOT.func._ZNK3GUI6Widget9isVisibleEv
 - global[202] i32 mutable=1 <- GOT.func._ZNK3GUI6Widget7getAbsYEv
 - global[203] i32 mutable=1 <- GOT.func._ZNK3GUI6Widget7getAbsXEv
 - global[204] i32 mutable=1 <- GOT.func._ZN3GUI10ListWidget13handleCommandEPNS_13CommandSenderEjj
 - global[205] i32 mutable=1 <- GOT.func._ZN7Testbed17TestbedListWidgetD0Ev
 - global[206] i32 mutable=1 <- GOT.func._ZN7Testbed17TestbedListWidgetD2Ev
 - global[207] i32 mutable=1 <- GOT.mem._ZTIN7Testbed17TestbedListWidgetE
 - global[208] i32 mutable=1 <- GOT.mem._ZTIN3GUI6DialogE
 - global[209] i32 mutable=1 <- GOT.mem._ZTSN7Testbed20TestbedOptionsDialogE
 - global[210] i32 mutable=1 <- GOT.mem._ZTVN10__cxxabiv120__si_class_type_infoE
 - global[211] i32 mutable=1 <- GOT.func._ZN3GUI6Dialog16handleOtherEventERKN6Common5EventE
 - global[212] i32 mutable=1 <- GOT.func._ZN3GUI6Dialog15handleMouseLeftEi
 - global[213] i32 mutable=1 <- GOT.func._ZN3GUI6Dialog16handleMouseMovedEiii
 - global[214] i32 mutable=1 <- GOT.func._ZN3GUI6Dialog11handleKeyUpEN6Common8KeyStateE
 - global[215] i32 mutable=1 <- GOT.func._ZN3GUI6Dialog13handleKeyDownEN6Common8KeyStateE
 - global[216] i32 mutable=1 <- GOT.func._ZN3GUI6Dialog13handleMouseUpEiiii
 - global[217] i32 mutable=1 <- GOT.func._ZN3GUI6Dialog15handleMouseDownEiiii
 - global[218] i32 mutable=1 <- GOT.func._ZN3GUI6Dialog12handleTickleEv
 - global[219] i32 mutable=1 <- GOT.func._ZN3GUI6Dialog10drawDialogENS_9DrawLayerE
 - global[220] i32 mutable=1 <- GOT.func._ZN3GUI6Dialog5closeEv
 - global[221] i32 mutable=1 <- GOT.func._ZN3GUI6Dialog4openEv
 - global[222] i32 mutable=1 <- GOT.func._ZN3GUI6Dialog13receivedFocusEii
 - global[223] i32 mutable=1 <- GOT.func._ZN3GUI6Dialog9lostFocusEv
 - global[224] i32 mutable=1 <- GOT.func._ZN3GUI6Dialog8runModalEv
 - global[225] i32 mutable=1 <- GOT.func._ZN3GUI6Dialog12releaseFocusEv
 - global[226] i32 mutable=1 <- GOT.func._ZN3GUI6Dialog16handleMouseWheelEiii
 - global[227] i32 mutable=1 <- GOT.func._ZNK3GUI9GuiObject11getClipRectEv
 - global[228] i32 mutable=1 <- GOT.func._ZN3GUI9GuiObject9isPointInEii
 - global[229] i32 mutable=1 <- GOT.func._ZN3GUI6Dialog12removeWidgetEPNS_6WidgetE
 - global[230] i32 mutable=1 <- GOT.func._ZN3GUI6Dialog12reflowLayoutEv
 - global[231] i32 mutable=1 <- GOT.func._ZNK3GUI6Dialog9isVisibleEv
 - global[232] i32 mutable=1 <- GOT.func._ZNK3GUI9GuiObject9getHeightEv
 - global[233] i32 mutable=1 <- GOT.func._ZNK3GUI9GuiObject8getWidthEv
 - global[234] i32 mutable=1 <- GOT.func._ZNK3GUI9GuiObject9getChildYEv
 - global[235] i32 mutable=1 <- GOT.func._ZNK3GUI9GuiObject9getChildXEv
 - global[236] i32 mutable=1 <- GOT.func._ZNK3GUI9GuiObject7getAbsYEv
 - global[237] i32 mutable=1 <- GOT.func._ZNK3GUI9GuiObject7getAbsXEv
 - global[238] i32 mutable=1 <- GOT.func._ZNK3GUI9GuiObject7getRelYEv
 - global[239] i32 mutable=1 <- GOT.func._ZNK3GUI9GuiObject7getRelXEv
 - global[240] i32 mutable=1 <- GOT.func._ZN3GUI9GuiObject8addChildEPNS_6WidgetE
 - global[241] i32 mutable=1 <- GOT.func._ZN3GUI9GuiObject6resizeEiiiib
 - global[242] i32 mutable=1 <- GOT.func._ZN3GUI9GuiObject19setTextDrawableAreaERKN6Common4RectE
 - global[243] i32 mutable=1 <- GOT.func._ZN7Testbed20TestbedOptionsDialog13handleCommandEPN3GUI13CommandSenderEjj
 - global[244] i32 mutable=1 <- GOT.func._ZN7Testbed20TestbedOptionsDialogD0Ev
 - global[245] i32 mutable=1 <- GOT.func._ZN7Testbed20TestbedOptionsDialogD1Ev
 - global[246] i32 mutable=1 <- GOT.mem._ZTIN7Testbed20TestbedOptionsDialogE
 - global[247] i32 mutable=1 <- GOT.mem._ZTVN7Testbed17TestbedExitDialogE
 - global[248] i32 mutable=1 <- GOT.func._ZN7Testbed14SoundSubsystem11sampleRatesEv
 - global[249] i32 mutable=1 <- GOT.func._ZN7Testbed14SoundSubsystem13audiocdOutputEv
 - global[250] i32 mutable=1 <- GOT.func._ZN7Testbed14SoundSubsystem11modPlaybackEv
 - global[251] i32 mutable=1 <- GOT.func._ZN7Testbed14SoundSubsystem9mixSoundsEv
 - global[252] i32 mutable=1 <- GOT.func._ZN7Testbed14SoundSubsystem9playBeepsEv
 - global[253] i32 mutable=1 <- GOT.mem._ZTVN7Testbed23SoundSubsystemTestSuiteE
 - global[254] i32 mutable=1 <- GOT.mem._ZTVN7Testbed20SoundSubsystemDialogE
 - global[255] i32 mutable=1 <- GOT.func._ZN7Testbed13SaveGametests17testErrorMessagesEv
 - global[256] i32 mutable=1 <- GOT.func._ZN7Testbed13SaveGametests19testListingSavefileEv
 - global[257] i32 mutable=1 <- GOT.func._ZN7Testbed13SaveGametests20testRenamingSavefileEv
 - global[258] i32 mutable=1 <- GOT.func._ZN7Testbed13SaveGametests20testRemovingSavefileEv
 - global[259] i32 mutable=1 <- GOT.func._ZN7Testbed13SaveGametests17testSaveLoadStateEv
 - global[260] i32 mutable=1 <- GOT.mem._ZTVN7Testbed17SaveGameTestSuiteE
 - global[261] i32 mutable=1 <- GOT.func._ZN7Testbed15Networkingtests19testConnectionLimitEv
 - global[262] i32 mutable=1 <- GOT.mem._ZTVN7Testbed19NetworkingTestSuiteE
 - global[263] i32 mutable=1 <- GOT.func._ZN7Testbed9MiscTests11testOpenUrlEv
 - global[264] i32 mutable=1 <- GOT.func._ZN7Testbed9MiscTests11testMutexesEv
 - global[265] i32 mutable=1 <- GOT.func._ZN7Testbed9MiscTests10testTimersEv
 - global[266] i32 mutable=1 <- GOT.func._ZN7Testbed9MiscTests12testDateTimeEv
 - global[267] i32 mutable=1 <- GOT.mem._ZTVN7Testbed13MiscTestSuiteE
 - global[268] i32 mutable=1 <- GOT.func._ZN7Testbed9MidiTests13playMidiMusicEv
 - global[269] i32 mutable=1 <- GOT.mem._ZTVN7Testbed13MidiTestSuiteE
 - global[270] i32 mutable=1 <- GOT.func._ZN10MidiParser13timerCallbackEPv
 - global[271] i32 mutable=1 <- GOT.mem._ZTV17TestbedMetaEngine
 - global[272] i32 mutable=1 <- GOT.func._ZN7Testbed8GFXtests12cursorTrailsEv
 - global[273] i32 mutable=1 <- GOT.func._ZN7Testbed8GFXtests15paletteRotationEv
 - global[274] i32 mutable=1 <- GOT.func._ZN7Testbed8GFXtests15overlayGraphicsEv
 - global[275] i32 mutable=1 <- GOT.func._ZN7Testbed8GFXtests13shakingEffectEv
 - global[276] i32 mutable=1 <- GOT.func._ZN7Testbed8GFXtests13scaledCursorsEv
 - global[277] i32 mutable=1 <- GOT.func._ZN7Testbed8GFXtests14mouseMovementsEv
 - global[278] i32 mutable=1 <- GOT.func._ZN7Testbed8GFXtests17palettizedCursorsEv
 - global[279] i32 mutable=1 <- GOT.func._ZN7Testbed8GFXtests13iconifyWindowEv
 - global[280] i32 mutable=1 <- GOT.func._ZN7Testbed8GFXtests11aspectRatioEv
 - global[281] i32 mutable=1 <- GOT.func._ZN7Testbed8GFXtests13filteringModeEv
 - global[282] i32 mutable=1 <- GOT.func._ZN7Testbed8GFXtests14fullScreenModeEv
 - global[283] i32 mutable=1 <- GOT.func._ZN7Testbed8GFXtests16copyRectToScreenEv
 - global[284] i32 mutable=1 <- GOT.func._ZN7Testbed8GFXtests20pixelFormatsRequiredEv
 - global[285] i32 mutable=1 <- GOT.func._ZN7Testbed8GFXtests21pixelFormatsSupportedEv
 - global[286] i32 mutable=1 <- GOT.mem._ZTVN7Testbed12GFXTestSuiteE
 - global[287] i32 mutable=1 <- GOT.func._ZN7Testbed7FStests13testCreateDirEv
 - global[288] i32 mutable=1 <- GOT.func._ZN7Testbed7FStests13testWriteFileEv
 - global[289] i32 mutable=1 <- GOT.func._ZN7Testbed7FStests12testReadFileEv
 - global[290] i32 mutable=1 <- GOT.mem._ZTVN7Testbed11FSTestSuiteE
 - global[291] i32 mutable=1 <- GOT.func._ZN7Testbed10EventTests12showMainMenuEv
 - global[292] i32 mutable=1 <- GOT.func._ZN7Testbed10EventTests9kbdEventsEv
 - global[293] i32 mutable=1 <- GOT.func._ZN7Testbed10EventTests11mouseEventsEv
 - global[294] i32 mutable=1 <- GOT.mem._ZTVN7Testbed14EventTestSuiteE
 - global[295] i32 mutable=1 <- GOT.mem._ZTVN3GUI10ListWidgetE
 - global[296] i32 mutable=1 <- env.__asyncify_state
 - global[297] i32 mutable=1 <- env.__asyncify_data
 - memory[0] pages: initial=1 <- env.memory
 - table[0] type=funcref initial=0 <- env.__indirect_function_table
